<?xml version="1.0" encoding="UTF-8"?>
<!-- Generated by org.testng.reporters.JUnitReportReporter -->
<testsuite skipped="0" hostname="Josephs-MacBoo.local" name="com.fbistech.testcases.Privacy_PolicyPageTest" tests="1" failures="0" timestamp="2021-11-08T08:44:01 WAT" time="28.996" errors="0">
  <testcase name="verifyUserCanClickOnLoginLink" time="28.996" classname="com.fbistech.testcases.Privacy_PolicyPageTest"/>
  <system-out/>
</testsuite> <!-- com.fbistech.testcases.Privacy_PolicyPageTest -->
