<?xml version="1.0" encoding="UTF-8"?>
<!-- Generated by org.testng.reporters.JUnitReportReporter -->
<testsuite skipped="0" hostname="Josephs-MacBoo.local" name="com.fbistech.testcases.Privacy_PolicyPageTest" tests="1" failures="0" timestamp="2021-11-08T05:33:02 WAT" time="19.393" errors="0">
  <testcase name="verifyUserCanClickSchools_OrganizationsPageLink" time="19.393" classname="com.fbistech.testcases.Privacy_PolicyPageTest"/>
  <system-out/>
</testsuite> <!-- com.fbistech.testcases.Privacy_PolicyPageTest -->
